  glad.c
  main.cpp
c:\nthu\course\nthu_computer_graphics2021\hw1\openglframework-vs2017\main.cpp(300): warning C4244: '引數': 將 'double' 轉換為 'float'，由於類型不同，可能導致資料遺失
c:\nthu\course\nthu_computer_graphics2021\hw1\openglframework-vs2017\main.cpp(333): warning C4305: '正在初始化': 從 'double' 轉換為 'GLfloat'，是由較大的類型轉換為較小的類型，可能導致資料遺失
c:\nthu\course\nthu_computer_graphics2021\hw1\openglframework-vs2017\main.cpp(340): warning C4305: '正在初始化': 從 'double' 轉換為 'GLfloat'，是由較大的類型轉換為較小的類型，可能導致資料遺失
c:\nthu\course\nthu_computer_graphics2021\hw1\openglframework-vs2017\main.cpp(506): warning C4305: '-=': 從 'double' 轉換為 'float'，是由較大的類型轉換為較小的類型，可能導致資料遺失
c:\nthu\course\nthu_computer_graphics2021\hw1\openglframework-vs2017\main.cpp(510): warning C4305: '-=': 從 'double' 轉換為 'float'，是由較大的類型轉換為較小的類型，可能導致資料遺失
c:\nthu\course\nthu_computer_graphics2021\hw1\openglframework-vs2017\main.cpp(513): warning C4305: '-=': 從 'double' 轉換為 'float'，是由較大的類型轉換為較小的類型，可能導致資料遺失
c:\nthu\course\nthu_computer_graphics2021\hw1\openglframework-vs2017\main.cpp(516): warning C4305: '-=': 從 'double' 轉換為 'float'，是由較大的類型轉換為較小的類型，可能導致資料遺失
c:\nthu\course\nthu_computer_graphics2021\hw1\openglframework-vs2017\main.cpp(522): warning C4305: '-=': 從 'double' 轉換為 'float'，是由較大的類型轉換為較小的類型，可能導致資料遺失
c:\nthu\course\nthu_computer_graphics2021\hw1\openglframework-vs2017\main.cpp(527): warning C4305: '+=': 從 'double' 轉換為 'float'，是由較大的類型轉換為較小的類型，可能導致資料遺失
c:\nthu\course\nthu_computer_graphics2021\hw1\openglframework-vs2017\main.cpp(539): warning C4305: '+=': 從 'double' 轉換為 'float'，是由較大的類型轉換為較小的類型，可能導致資料遺失
c:\nthu\course\nthu_computer_graphics2021\hw1\openglframework-vs2017\main.cpp(543): warning C4305: '+=': 從 'double' 轉換為 'float'，是由較大的類型轉換為較小的類型，可能導致資料遺失
c:\nthu\course\nthu_computer_graphics2021\hw1\openglframework-vs2017\main.cpp(546): warning C4305: '+=': 從 'double' 轉換為 'float'，是由較大的類型轉換為較小的類型，可能導致資料遺失
c:\nthu\course\nthu_computer_graphics2021\hw1\openglframework-vs2017\main.cpp(549): warning C4305: '+=': 從 'double' 轉換為 'float'，是由較大的類型轉換為較小的類型，可能導致資料遺失
c:\nthu\course\nthu_computer_graphics2021\hw1\openglframework-vs2017\main.cpp(555): warning C4305: '+=': 從 'double' 轉換為 'float'，是由較大的類型轉換為較小的類型，可能導致資料遺失
c:\nthu\course\nthu_computer_graphics2021\hw1\openglframework-vs2017\main.cpp(560): warning C4305: '-=': 從 'double' 轉換為 'float'，是由較大的類型轉換為較小的類型，可能導致資料遺失
c:\nthu\course\nthu_computer_graphics2021\hw1\openglframework-vs2017\main.cpp(579): warning C4244: '=': 將 'double' 轉換為 'int'，由於類型不同，可能導致資料遺失
c:\nthu\course\nthu_computer_graphics2021\hw1\openglframework-vs2017\main.cpp(580): warning C4244: '=': 將 'double' 轉換為 'int'，由於類型不同，可能導致資料遺失
c:\nthu\course\nthu_computer_graphics2021\hw1\openglframework-vs2017\main.cpp(585): warning C4244: '=': 將 'double' 轉換為 'int'，由於類型不同，可能導致資料遺失
c:\nthu\course\nthu_computer_graphics2021\hw1\openglframework-vs2017\main.cpp(586): warning C4244: '=': 將 'double' 轉換為 'int'，由於類型不同，可能導致資料遺失
c:\nthu\course\nthu_computer_graphics2021\hw1\openglframework-vs2017\main.cpp(601): warning C4244: '=': 將 'double' 轉換為 'int'，由於類型不同，可能導致資料遺失
c:\nthu\course\nthu_computer_graphics2021\hw1\openglframework-vs2017\main.cpp(602): warning C4244: '=': 將 'double' 轉換為 'int'，由於類型不同，可能導致資料遺失
c:\nthu\course\nthu_computer_graphics2021\hw1\openglframework-vs2017\main.cpp(603): warning C4244: '=': 將 'double' 轉換為 'int'，由於類型不同，可能導致資料遺失
c:\nthu\course\nthu_computer_graphics2021\hw1\openglframework-vs2017\main.cpp(604): warning C4244: '=': 將 'double' 轉換為 'int'，由於類型不同，可能導致資料遺失
c:\nthu\course\nthu_computer_graphics2021\hw1\openglframework-vs2017\main.cpp(613): warning C4244: '+=': 將 'double' 轉換為 'float'，由於類型不同，可能導致資料遺失
c:\nthu\course\nthu_computer_graphics2021\hw1\openglframework-vs2017\main.cpp(614): warning C4244: '+=': 將 'double' 轉換為 'float'，由於類型不同，可能導致資料遺失
c:\nthu\course\nthu_computer_graphics2021\hw1\openglframework-vs2017\main.cpp(620): warning C4244: '+=': 將 'double' 轉換為 'float'，由於類型不同，可能導致資料遺失
c:\nthu\course\nthu_computer_graphics2021\hw1\openglframework-vs2017\main.cpp(621): warning C4244: '+=': 將 'double' 轉換為 'float'，由於類型不同，可能導致資料遺失
c:\nthu\course\nthu_computer_graphics2021\hw1\openglframework-vs2017\main.cpp(627): warning C4244: '+=': 將 'double' 轉換為 'float'，由於類型不同，可能導致資料遺失
c:\nthu\course\nthu_computer_graphics2021\hw1\openglframework-vs2017\main.cpp(628): warning C4244: '+=': 將 'double' 轉換為 'float'，由於類型不同，可能導致資料遺失
c:\nthu\course\nthu_computer_graphics2021\hw1\openglframework-vs2017\main.cpp(634): warning C4244: '+=': 將 'double' 轉換為 'float'，由於類型不同，可能導致資料遺失
c:\nthu\course\nthu_computer_graphics2021\hw1\openglframework-vs2017\main.cpp(635): warning C4244: '-=': 將 'double' 轉換為 'float'，由於類型不同，可能導致資料遺失
c:\nthu\course\nthu_computer_graphics2021\hw1\openglframework-vs2017\main.cpp(639): warning C4244: '+=': 將 'double' 轉換為 'float'，由於類型不同，可能導致資料遺失
c:\nthu\course\nthu_computer_graphics2021\hw1\openglframework-vs2017\main.cpp(640): warning C4244: '+=': 將 'double' 轉換為 'float'，由於類型不同，可能導致資料遺失
c:\nthu\course\nthu_computer_graphics2021\hw1\openglframework-vs2017\main.cpp(644): warning C4244: '+=': 將 'double' 轉換為 'float'，由於類型不同，可能導致資料遺失
c:\nthu\course\nthu_computer_graphics2021\hw1\openglframework-vs2017\main.cpp(645): warning C4244: '+=': 將 'double' 轉換為 'float'，由於類型不同，可能導致資料遺失
c:\nthu\course\nthu_computer_graphics2021\hw1\openglframework-vs2017\main.cpp(867): warning C4477: 'printf' : 格式字串 '%d' 需要 'int' 類型的引數，但 variadic 引數 1 的類型為 'unsigned __int64'
  c:\nthu\course\nthu_computer_graphics2021\hw1\openglframework-vs2017\main.cpp(867): note: 請考慮在格式字串中使用 '%zd'
c:\nthu\course\nthu_computer_graphics2021\hw1\openglframework-vs2017\main.cpp(867): warning C4477: 'printf' : 格式字串 '%d' 需要 'int' 類型的引數，但 variadic 引數 2 的類型為 'unsigned __int64'
  c:\nthu\course\nthu_computer_graphics2021\hw1\openglframework-vs2017\main.cpp(867): note: 請考慮在格式字串中使用 '%zd'
c:\nthu\course\nthu_computer_graphics2021\hw1\openglframework-vs2017\main.cpp(879): warning C4267: '=': 將 'size_t' 轉換為 'int'，資料可能遺失
c:\nthu\course\nthu_computer_graphics2021\hw1\openglframework-vs2017\main.cpp(924): warning C4305: '引數': 從 'double' 轉換為 'GLfloat'，是由較大的類型轉換為較小的類型，可能導致資料遺失
  textfile.cpp
c:\nthu\course\nthu_computer_graphics2021\hw1\openglframework-vs2017\textfile.cpp(23): warning C4267: '=': 將 'size_t' 轉換為 'int'，資料可能遺失
  正在產生程式碼...
LINK : warning LNK4098: 預設的程式庫 'MSVCRT' 與其他使用的程式庫衝突，請使用 /NODEFAULTLIB:library
  OpenGLFramework-VS2017.vcxproj -> C:\NTHU\Course\NTHU_Computer_Graphics2021\HW1\x64\Debug\OpenGLFramework-VS2017.exe
