c:\nthu\course\computer_graphics\hw1\as01_framework\hw1_vs2017_framework\openglframework-vs2017\x64\debug\vc141.pdb
c:\nthu\course\computer_graphics\hw1\as01_framework\hw1_vs2017_framework\openglframework-vs2017\x64\debug\vc141.idb
c:\nthu\course\computer_graphics\hw1\as01_framework\hw1_vs2017_framework\openglframework-vs2017\x64\debug\glad.obj
c:\nthu\course\computer_graphics\hw1\as01_framework\hw1_vs2017_framework\openglframework-vs2017\x64\debug\textfile.obj
c:\nthu\course\computer_graphics\hw1\as01_framework\hw1_vs2017_framework\openglframework-vs2017\x64\debug\main.obj
c:\nthu\course\computer_graphics\hw1\as01_framework\hw1_vs2017_framework\openglframework-vs2017\x64\debug\main2.obj
c:\nthu\course\computer_graphics\hw1\as01_framework\hw1_vs2017_framework\openglframework-vs2017\x64\debug\mycode.obj
c:\nthu\course\computer_graphics\hw1\as01_framework\hw1_vs2017_framework\x64\debug\openglframework-vs2017.ilk
c:\nthu\course\computer_graphics\hw1\as01_framework\hw1_vs2017_framework\x64\debug\openglframework-vs2017.exe
c:\nthu\course\computer_graphics\hw1\as01_framework\hw1_vs2017_framework\x64\debug\openglframework-vs2017.pdb
c:\nthu\course\computer_graphics\hw1\as01_framework\hw1_vs2017_framework\openglframework-vs2017\x64\debug\vc140.idb
c:\nthu\course\computer_graphics\hw1\as01_framework\hw1_vs2017_framework\openglframework-vs2017\x64\debug\vc140.pdb
c:\nthu\course\computer_graphics\hw1\as01_framework\hw1_vs2017_framework\openglframework-vs2017\x64\debug\openglfr.8b3a9361.tlog\cl.command.1.tlog
c:\nthu\course\computer_graphics\hw1\as01_framework\hw1_vs2017_framework\openglframework-vs2017\x64\debug\openglfr.8b3a9361.tlog\cl.read.1.tlog
c:\nthu\course\computer_graphics\hw1\as01_framework\hw1_vs2017_framework\openglframework-vs2017\x64\debug\openglfr.8b3a9361.tlog\cl.write.1.tlog
c:\nthu\course\computer_graphics\hw1\as01_framework\hw1_vs2017_framework\openglframework-vs2017\x64\debug\openglfr.8b3a9361.tlog\link.26316-cvtres.read.1.tlog
c:\nthu\course\computer_graphics\hw1\as01_framework\hw1_vs2017_framework\openglframework-vs2017\x64\debug\openglfr.8b3a9361.tlog\link.26316-cvtres.write.1.tlog
c:\nthu\course\computer_graphics\hw1\as01_framework\hw1_vs2017_framework\openglframework-vs2017\x64\debug\openglfr.8b3a9361.tlog\link.26316-rc.read.1.tlog
c:\nthu\course\computer_graphics\hw1\as01_framework\hw1_vs2017_framework\openglframework-vs2017\x64\debug\openglfr.8b3a9361.tlog\link.26316-rc.write.1.tlog
c:\nthu\course\computer_graphics\hw1\as01_framework\hw1_vs2017_framework\openglframework-vs2017\x64\debug\openglfr.8b3a9361.tlog\link.26316.read.1.tlog
c:\nthu\course\computer_graphics\hw1\as01_framework\hw1_vs2017_framework\openglframework-vs2017\x64\debug\openglfr.8b3a9361.tlog\link.26316.write.1.tlog
c:\nthu\course\computer_graphics\hw1\as01_framework\hw1_vs2017_framework\openglframework-vs2017\x64\debug\openglfr.8b3a9361.tlog\link.command.1.tlog
c:\nthu\course\computer_graphics\hw1\as01_framework\hw1_vs2017_framework\openglframework-vs2017\x64\debug\openglfr.8b3a9361.tlog\link.read.1.tlog
c:\nthu\course\computer_graphics\hw1\as01_framework\hw1_vs2017_framework\openglframework-vs2017\x64\debug\openglfr.8b3a9361.tlog\link.write.1.tlog
