  main.cpp
c:\nthu\course\computer_graphics\hw3\as03_framework\openglframework-vs2017\openglframework-vs2017\main.cpp(341): warning C4244: '引數': 將 'double' 轉換為 'float'，由於類型不同，可能導致資料遺失
c:\nthu\course\computer_graphics\hw3\as03_framework\openglframework-vs2017\openglframework-vs2017\main.cpp(465): warning C4267: '=': 將 'size_t' 轉換為 'int'，資料可能遺失
c:\nthu\course\computer_graphics\hw3\as03_framework\openglframework-vs2017\openglframework-vs2017\main.cpp(540): warning C4244: '-=': 將 'double' 轉換為 'float'，由於類型不同，可能導致資料遺失
c:\nthu\course\computer_graphics\hw3\as03_framework\openglframework-vs2017\openglframework-vs2017\main.cpp(545): warning C4244: '+=': 將 'double' 轉換為 'float'，由於類型不同，可能導致資料遺失
c:\nthu\course\computer_graphics\hw3\as03_framework\openglframework-vs2017\openglframework-vs2017\main.cpp(550): warning C4244: '+=': 將 'double' 轉換為 'float'，由於類型不同，可能導致資料遺失
c:\nthu\course\computer_graphics\hw3\as03_framework\openglframework-vs2017\openglframework-vs2017\main.cpp(555): warning C4244: '+=': 將 'double' 轉換為 'float'，由於類型不同，可能導致資料遺失
c:\nthu\course\computer_graphics\hw3\as03_framework\openglframework-vs2017\openglframework-vs2017\main.cpp(558): warning C4244: '+=': 將 'double' 轉換為 'float'，由於類型不同，可能導致資料遺失
c:\nthu\course\computer_graphics\hw3\as03_framework\openglframework-vs2017\openglframework-vs2017\main.cpp(561): warning C4244: '+=': 將 'double' 轉換為 'float'，由於類型不同，可能導致資料遺失
c:\nthu\course\computer_graphics\hw3\as03_framework\openglframework-vs2017\openglframework-vs2017\main.cpp(609): warning C4244: '正在初始化': 將 'int' 轉換為 'float'，由於類型不同，可能導致資料遺失
c:\nthu\course\computer_graphics\hw3\as03_framework\openglframework-vs2017\openglframework-vs2017\main.cpp(610): warning C4244: '正在初始化': 將 'int' 轉換為 'float'，由於類型不同，可能導致資料遺失
c:\nthu\course\computer_graphics\hw3\as03_framework\openglframework-vs2017\openglframework-vs2017\main.cpp(616): warning C4244: '+=': 將 'double' 轉換為 'float'，由於類型不同，可能導致資料遺失
c:\nthu\course\computer_graphics\hw3\as03_framework\openglframework-vs2017\openglframework-vs2017\main.cpp(617): warning C4244: '+=': 將 'double' 轉換為 'float'，由於類型不同，可能導致資料遺失
c:\nthu\course\computer_graphics\hw3\as03_framework\openglframework-vs2017\openglframework-vs2017\main.cpp(622): warning C4244: '+=': 將 'double' 轉換為 'float'，由於類型不同，可能導致資料遺失
c:\nthu\course\computer_graphics\hw3\as03_framework\openglframework-vs2017\openglframework-vs2017\main.cpp(623): warning C4244: '-=': 將 'double' 轉換為 'float'，由於類型不同，可能導致資料遺失
c:\nthu\course\computer_graphics\hw3\as03_framework\openglframework-vs2017\openglframework-vs2017\main.cpp(628): warning C4244: '+=': 將 'double' 轉換為 'float'，由於類型不同，可能導致資料遺失
c:\nthu\course\computer_graphics\hw3\as03_framework\openglframework-vs2017\openglframework-vs2017\main.cpp(629): warning C4244: '+=': 將 'double' 轉換為 'float'，由於類型不同，可能導致資料遺失
c:\nthu\course\computer_graphics\hw3\as03_framework\openglframework-vs2017\openglframework-vs2017\main.cpp(634): warning C4244: '+=': 將 'double' 轉換為 'float'，由於類型不同，可能導致資料遺失
c:\nthu\course\computer_graphics\hw3\as03_framework\openglframework-vs2017\openglframework-vs2017\main.cpp(635): warning C4244: '+=': 將 'double' 轉換為 'float'，由於類型不同，可能導致資料遺失
c:\nthu\course\computer_graphics\hw3\as03_framework\openglframework-vs2017\openglframework-vs2017\main.cpp(638): warning C4244: '+=': 將 'double' 轉換為 'float'，由於類型不同，可能導致資料遺失
c:\nthu\course\computer_graphics\hw3\as03_framework\openglframework-vs2017\openglframework-vs2017\main.cpp(639): warning C4244: '+=': 將 'double' 轉換為 'float'，由於類型不同，可能導致資料遺失
c:\nthu\course\computer_graphics\hw3\as03_framework\openglframework-vs2017\openglframework-vs2017\main.cpp(642): warning C4244: '+=': 將 'double' 轉換為 'float'，由於類型不同，可能導致資料遺失
c:\nthu\course\computer_graphics\hw3\as03_framework\openglframework-vs2017\openglframework-vs2017\main.cpp(643): warning C4244: '+=': 將 'double' 轉換為 'float'，由於類型不同，可能導致資料遺失
c:\nthu\course\computer_graphics\hw3\as03_framework\openglframework-vs2017\openglframework-vs2017\main.cpp(646): warning C4244: '+=': 將 'double' 轉換為 'float'，由於類型不同，可能導致資料遺失
c:\nthu\course\computer_graphics\hw3\as03_framework\openglframework-vs2017\openglframework-vs2017\main.cpp(647): warning C4244: '-=': 將 'double' 轉換為 'float'，由於類型不同，可能導致資料遺失
c:\nthu\course\computer_graphics\hw3\as03_framework\openglframework-vs2017\openglframework-vs2017\main.cpp(648): warning C4244: '+=': 將 'double' 轉換為 'float'，由於類型不同，可能導致資料遺失
c:\nthu\course\computer_graphics\hw3\as03_framework\openglframework-vs2017\openglframework-vs2017\main.cpp(649): warning C4244: '-=': 將 'double' 轉換為 'float'，由於類型不同，可能導致資料遺失
c:\nthu\course\computer_graphics\hw3\as03_framework\openglframework-vs2017\openglframework-vs2017\main.cpp(650): warning C4244: '+=': 將 'double' 轉換為 'float'，由於類型不同，可能導致資料遺失
c:\nthu\course\computer_graphics\hw3\as03_framework\openglframework-vs2017\openglframework-vs2017\main.cpp(651): warning C4244: '-=': 將 'double' 轉換為 'float'，由於類型不同，可能導致資料遺失
c:\nthu\course\computer_graphics\hw3\as03_framework\openglframework-vs2017\openglframework-vs2017\main.cpp(926): warning C4267: '=': 將 'size_t' 轉換為 'int'，資料可能遺失
c:\nthu\course\computer_graphics\hw3\as03_framework\openglframework-vs2017\openglframework-vs2017\main.cpp(992): warning C4477: 'printf' : 格式字串 '%d' 需要 'int' 類型的引數，但 variadic 引數 1 的類型為 'unsigned __int64'
  c:\nthu\course\computer_graphics\hw3\as03_framework\openglframework-vs2017\openglframework-vs2017\main.cpp(992): note: 請考慮在格式字串中使用 '%zd'
c:\nthu\course\computer_graphics\hw3\as03_framework\openglframework-vs2017\openglframework-vs2017\main.cpp(992): warning C4477: 'printf' : 格式字串 '%d' 需要 'int' 類型的引數，但 variadic 引數 2 的類型為 'unsigned __int64'
  c:\nthu\course\computer_graphics\hw3\as03_framework\openglframework-vs2017\openglframework-vs2017\main.cpp(992): note: 請考慮在格式字串中使用 '%zd'
c:\nthu\course\computer_graphics\hw3\as03_framework\openglframework-vs2017\openglframework-vs2017\main.cpp(1049): warning C4305: '=': 從 'double' 轉換為 'GLfloat'，是由較大的類型轉換為較小的類型，可能導致資料遺失
c:\nthu\course\computer_graphics\hw3\as03_framework\openglframework-vs2017\openglframework-vs2017\main.cpp(1096): warning C4305: '引數': 從 'double' 轉換為 'GLfloat'，是由較大的類型轉換為較小的類型，可能導致資料遺失
  OpenGLFramework-VS2017.vcxproj -> C:\NTHU\Course\Computer_Graphics\HW3\AS03_Framework\OpenGLFramework-VS2017\x64\Debug\OpenGLFramework-VS2017.exe
